<?xml version="1.0" encoding="UTF-8"?>
<testsuite xmlns:xsi="http://www.w3.org/2001/XMLSchema-instance" xsi:noNamespaceSchemaLocation="https://maven.apache.org/surefire/maven-surefire-plugin/xsd/surefire-test-report.xsd" name="com.lw.vcs.utils.PathSolveUtilTest" time="0.133" tests="3" errors="0" skipped="0" failures="0">
  <properties>
[...]
</properties>
  <testcase name="getTmpPath" classname="com.lw.vcs.utils.PathSolveUtilTest" time="0.003"/>
  <testcase name="getSvnUrl" classname="com.lw.vcs.utils.PathSolveUtilTest" time="0"/>
  <testcase name="getRespPath" classname="com.lw.vcs.utils.PathSolveUtilTest" time="0"/>
</testsuite>